\BOOKMARK [1][-]{section.1}{\376\377\000I\000n\000t\000r\000o\000d\000u\000c\000t\000i\000o\000n}{}% 1
\BOOKMARK [1][-]{section.3}{\376\377\000D\000e\000f\000i\000n\000i\000t\000i\000o\000n\000s\000\040\000a\000n\000d\000\040\000n\000o\000t\000a\000t\000i\000o\000n\000s}{}% 2
\BOOKMARK [1][-]{section.12}{\376\377\000E\000i\000g\000e\000n\000v\000e\000c\000t\000o\000r\000s\000\040\000a\000s\000\040\000f\000i\000x\000e\000d\000\040\000p\000o\000i\000n\000t\000s}{}% 3
\BOOKMARK [1][-]{section.37}{\376\377\000C\000o\000n\000v\000e\000r\000g\000e\000n\000c\000e\000\040\000a\000n\000d\000\040\000d\000i\000v\000e\000r\000g\000e\000n\000c\000e}{}% 4
\BOOKMARK [2][-]{subsection.38}{\376\377\000A\000\040\000s\000u\000f\000f\000i\000c\000i\000e\000n\000t\000\040\000c\000o\000n\000d\000i\000t\000i\000o\000n\000\040\000f\000o\000r\000\040\000c\000o\000n\000v\000e\000r\000g\000e\000n\000c\000e}{section.37}% 5
\BOOKMARK [2][-]{subsection.46}{\376\377\000C\000o\000n\000t\000r\000a\000s\000t\000\040\000w\000i\000t\000h\000\040\000R\000a\000y\000l\000e\000i\000g\000h\000-\000S\000c\000h\000r\000\366\000d\000i\000n\000g\000e\000r\000\040\000p\000e\000r\000t\000u\000r\000b\000a\000t\000i\000o\000n\000\040\000t\000h\000e\000o\000r\000y}{section.37}% 6
\BOOKMARK [2][-]{subsection.48}{\376\377\000A\000n\000\040\000e\000x\000p\000l\000i\000c\000i\000t\000\040\0002\0002\000\040\000e\000x\000a\000m\000p\000l\000e}{section.37}% 7
\BOOKMARK [1][-]{section.50}{\376\377\000A\000c\000c\000e\000l\000e\000r\000a\000t\000i\000o\000n}{}% 8
\BOOKMARK [1][-]{section.67}{\376\377\000P\000e\000r\000f\000o\000r\000m\000a\000n\000c\000e}{}% 9
\BOOKMARK [2][-]{subsection.68}{\376\377\000F\000e\000w\000\040\000e\000i\000g\000e\000n\000v\000a\000l\000u\000e\000s}{section.67}% 10
\BOOKMARK [2][-]{subsection.73}{\376\377\000F\000u\000l\000l\000\040\000s\000p\000e\000c\000t\000r\000u\000m}{section.67}% 11
\BOOKMARK [1][-]{section.77}{\376\377\000D\000i\000s\000c\000u\000s\000s\000i\000o\000n}{}% 12
\BOOKMARK [1][-]{section*.79}{\376\377\000R\000e\000f\000e\000r\000e\000n\000c\000e\000s}{}% 13
\BOOKMARK [1][-]{appendix.80}{\376\377\000A\000p\000p\000e\000n\000d\000i\000x\000\040\000A\000.\000\040\000A\000d\000d\000i\000t\000i\000o\000n\000a\000l\000\040\000l\000e\000m\000m\000a\000s\000\040\000f\000o\000r\000\040\000S\000e\000c\000t\000i\000o\000n\000\040\0004}{}% 14
\BOOKMARK [1][-]{appendix.86}{\376\377\000A\000p\000p\000e\000n\000d\000i\000x\000\040\000B\000.\000\040\000R\000a\000y\000l\000e\000i\000g\000h\000-\000S\000c\000h\000r\000\366\000d\000i\000n\000g\000e\000r\000\040\000p\000e\000r\000t\000u\000r\000b\000a\000t\000i\000o\000n\000\040\000t\000h\000e\000o\000r\000y}{}% 15
\BOOKMARK [1][-]{appendix.91}{\376\377\000A\000p\000p\000e\000n\000d\000i\000x\000\040\000C\000.\000\040\000I\000t\000e\000r\000a\000t\000i\000v\000e\000\040\000p\000e\000r\000t\000u\000r\000b\000a\000t\000i\000o\000n\000\040\000t\000h\000e\000o\000r\000y\000\040\000c\000o\000n\000t\000a\000i\000n\000s\000\040\000t\000h\000e\000\040\000R\000S\000\040\000s\000e\000r\000i\000e\000s}{}% 16
\BOOKMARK [1][-]{appendix.92}{\376\377\000A\000p\000p\000e\000n\000d\000i\000x\000\040\000D\000.\000\040\000E\000x\000p\000l\000i\000c\000i\000t\000\040\000e\000x\000a\000m\000p\000l\000e\000s}{}% 17
\BOOKMARK [2][-]{subsection.93}{\376\377\000A\000\040\000g\000e\000n\000e\000r\000a\000l\000\040\000a\000p\000p\000r\000o\000a\000c\000h\000\040\000t\000o\000\040\000f\000i\000n\000d\000\040\000t\000h\000e\000\040\000c\000o\000n\000v\000e\000r\000g\000e\000n\000c\000e\000\040\000d\000o\000m\000a\000i\000n}{appendix.92}% 18
\BOOKMARK [2][-]{subsection.94}{\376\377\000T\000h\000e\000\040\0002\0002\000\040\000e\000x\000a\000m\000p\000l\000e\000\040\000o\000f\000\040\000t\000h\000e\000\040\000m\000a\000i\000n\000\040\000t\000e\000x\000t}{appendix.92}% 19
\BOOKMARK [2][-]{subsection.95}{\376\377\000A\000n\000\040\000a\000d\000d\000i\000t\000i\000o\000n\000a\000l\000\040\0003\0003\000\040\000e\000x\000a\000m\000p\000l\000e}{appendix.92}% 20
\BOOKMARK [1][-]{appendix.102}{\376\377\000A\000p\000p\000e\000n\000d\000i\000x\000\040\000E\000.\000\040\000E\000x\000c\000e\000p\000t\000i\000o\000n\000a\000l\000\040\000p\000o\000i\000n\000t\000s\000\040\000a\000n\000d\000\040\000c\000u\000s\000p\000s\000\040\000o\000f\000\040\000C}{}% 21
